Error: missing newline in D:\VuGen\Scripts\UC5_ReservViewDeleteAdd\..\fileDat\users.dat	[MsgId: MERR-13874]
Start auto log messages stack - Iteration 1.	[MsgId: MMSG-10545]
Action.c(91): Resource "http://localhost:1080/WebTours/images/signoff.gif" is in the cache already and will not be downloaded again  	[MsgId: MMSG-26655]
Action.c(91): Found resource "http://localhost:1080/WebTours/images/cancelreservation.gif" in HTML "http://localhost:1080/cgi-bin/itinerary.pl"  	[MsgId: MMSG-26659]
Action.c(91): Found resource "http://localhost:1080/WebTours/images/cancelallreservations.gif" in HTML "http://localhost:1080/cgi-bin/itinerary.pl"  	[MsgId: MMSG-26659]
Action.c(91): Registered web_reg_find successful for "Text=name="flightID" value="" (count=1)  	[MsgId: MMSG-26364]
Action.c(91): web_url("Itinerary Button") was successful, 7728 body bytes, 1913 header bytes, 36 chunking overhead bytes  	[MsgId: MMSG-26385]
Action.c(100): Error: Failed to end Transaction "ViewTicket" (by name). Please check that you made a call to start transaction operation.	[MsgId: MERR-16985]
End auto log messages stack.	[MsgId: MMSG-10544]


Start auto log messages stack - Iteration 1.	[MsgId: MMSG-10545]
Action.c(91): Found resource "http://localhost:1080/WebTours/images/in_itinerary.gif" in HTML "http://localhost:1080/cgi-bin/nav.pl?page=menu&in=itinerary"  	[MsgId: MMSG-26659]
Action.c(91): Found resource "http://localhost:1080/WebTours/images/home.gif" in HTML "http://localhost:1080/cgi-bin/nav.pl?page=menu&in=itinerary"  	[MsgId: MMSG-26659]
Action.c(91): Resource "http://localhost:1080/WebTours/images/signoff.gif" is in the cache already and will not be downloaded again  	[MsgId: MMSG-26655]
Action.c(91): Registered web_reg_find successful for "Text=name="flightID" value="" (count=1)  	[MsgId: MMSG-26364]
Action.c(91): web_url("Itinerary Button") was successful, 7735 body bytes, 1913 header bytes, 36 chunking overhead bytes  	[MsgId: MMSG-26385]
Action.c(100): Error: Failed to end Transaction "ViewTicket" (by name). Please check that you made a call to start transaction operation.	[MsgId: MERR-16985]
End auto log messages stack.	[MsgId: MMSG-10544]


Start auto log messages stack - Iteration 1.	[MsgId: MMSG-10545]
Action.c(91): Found resource "http://localhost:1080/WebTours/images/in_itinerary.gif" in HTML "http://localhost:1080/cgi-bin/nav.pl?page=menu&in=itinerary"  	[MsgId: MMSG-26659]
Action.c(91): Found resource "http://localhost:1080/WebTours/images/home.gif" in HTML "http://localhost:1080/cgi-bin/nav.pl?page=menu&in=itinerary"  	[MsgId: MMSG-26659]
Action.c(91): Resource "http://localhost:1080/WebTours/images/signoff.gif" is in the cache already and will not be downloaded again  	[MsgId: MMSG-26655]
Action.c(91): Registered web_reg_find successful for "Text=name="flightID" value="" (count=1)  	[MsgId: MMSG-26364]
Action.c(91): web_url("Itinerary Button") was successful, 7703 body bytes, 1913 header bytes, 36 chunking overhead bytes  	[MsgId: MMSG-26385]
Action.c(100): Error: Failed to end Transaction "ViewTicket" (by name). Please check that you made a call to start transaction operation.	[MsgId: MERR-16985]
End auto log messages stack.	[MsgId: MMSG-10544]


Start auto log messages stack - Iteration 1.	[MsgId: MMSG-10545]
Action.c(91): Resource "http://localhost:1080/WebTours/images/flights.gif" is in the cache already and will not be downloaded again  	[MsgId: MMSG-26655]
Action.c(91): Found resource "http://localhost:1080/WebTours/images/in_itinerary.gif" in HTML "http://localhost:1080/cgi-bin/nav.pl?page=menu&in=itinerary"  	[MsgId: MMSG-26659]
Action.c(91): Found resource "http://localhost:1080/WebTours/images/home.gif" in HTML "http://localhost:1080/cgi-bin/nav.pl?page=menu&in=itinerary"  	[MsgId: MMSG-26659]
Action.c(91): Resource "http://localhost:1080/WebTours/images/signoff.gif" is in the cache already and will not be downloaded again  	[MsgId: MMSG-26655]
Action.c(91): Registered web_reg_find successful for "Text=name="flightID" value=""  	[MsgId: MMSG-26362]
Action.c(91): Error -26377: No match found for the requested parameter "Flight". Either the specified boundaries were not found in the response or the matched text is longer than current max html parameter size of 256 bytes. The total length of the response is 4381 bytes. You can use "web_set_max_html_param_len" to increase the max parameter size.  	[MsgId: MERR-26377]
End auto log messages stack.	[MsgId: MMSG-10544]


Start auto log messages stack - Iteration 2.	[MsgId: MMSG-10545]
Action.c(42): Found resource "http://localhost:1080/WebTours/images/signoff.gif" in HTML "http://localhost:1080/cgi-bin/nav.pl?page=menu&in=home"  	[MsgId: MMSG-26659]
Action.c(42): Registered web_reg_find successful for "Text=Welcome, <b>petya</b>, to the Web Tours reservation pages." (count=1)  	[MsgId: MMSG-26364]
Action.c(42): Registered web_reg_find successful for "Text=Using the menu to the left, you can search for new flights to book" (count=1)  	[MsgId: MMSG-26364]
Action.c(42): web_submit_data("login.pl") was successful, 5780 body bytes, 2047 header bytes, 36 chunking overhead bytes  	[MsgId: MMSG-26385]
Action.c(59): Notify: Transaction "LogIn" ended with a "Pass" status (Duration: 0,1530 Wasted Time: 0,0000).	[MsgId: MMSG-16871]
Action.c(61): Error: Cannot start transaction "ViewAllTicket". This Vuser already started a transaction with the same name, and has not yet processed the corresponding lr_end_transaction statement.	[MsgId: MERR-16993]
End auto log messages stack.	[MsgId: MMSG-10544]


Start auto log messages stack - Iteration 2.	[MsgId: MMSG-10545]
Action.c(91): Resource "http://localhost:1080/WebTours/images/signoff.gif" is in the cache already and will not be downloaded again  	[MsgId: MMSG-26655]
Action.c(91): Found resource "http://localhost:1080/WebTours/images/cancelreservation.gif" in HTML "http://localhost:1080/cgi-bin/itinerary.pl"  	[MsgId: MMSG-26659]
Action.c(91): Found resource "http://localhost:1080/WebTours/images/cancelallreservations.gif" in HTML "http://localhost:1080/cgi-bin/itinerary.pl"  	[MsgId: MMSG-26659]
Action.c(91): Registered web_reg_find successful for "Text=name="flightID" value="" (count=1)  	[MsgId: MMSG-26364]
Action.c(91): web_url("Itinerary Button") was successful, 7743 body bytes, 1913 header bytes, 36 chunking overhead bytes  	[MsgId: MMSG-26385]
Action.c(100): Error: Failed to end Transaction "ViewTicket" (by name). Please check that you made a call to start transaction operation.	[MsgId: MERR-16985]
End auto log messages stack.	[MsgId: MMSG-10544]


Start auto log messages stack - Iteration 2.	[MsgId: MMSG-10545]
Action.c(125): Notify: Transaction "DeleteTicket" started.	[MsgId: MMSG-16999]
Action.c(129): web_reg_save_param started  	[MsgId: MMSG-26355]
Action.c(129): Registering web_reg_save_param was successful  	[MsgId: MMSG-26390]
Action.c(139): web_reg_find started  	[MsgId: MMSG-26355]
Action.c(139): Registering web_reg_find was successful  	[MsgId: MMSG-26390]
Action.c(141): web_submit_form("itinerary.pl") started  	[MsgId: MMSG-26355]
Action.c(141): Submitting form to "http://localhost:1080/cgi-bin/itinerary.pl", Target Frame=""  	[MsgId: MMSG-27978]
Action.c(141): Error -26377: No match found for the requested parameter "Flighting". Either the specified boundaries were not found in the response or the matched text is longer than current max html parameter size of 256 bytes. The total length of the response is 887 bytes. You can use "web_set_max_html_param_len" to increase the max parameter size.  	[MsgId: MERR-26377]
End auto log messages stack.	[MsgId: MMSG-10544]


Start auto log messages stack - Iteration 2.	[MsgId: MMSG-10545]
Action.c(42): Found resource "http://localhost:1080/WebTours/images/signoff.gif" in HTML "http://localhost:1080/cgi-bin/nav.pl?page=menu&in=home"  	[MsgId: MMSG-26659]
Action.c(42): Registered web_reg_find successful for "Text=Welcome, <b>sega2</b>, to the Web Tours reservation pages." (count=1)  	[MsgId: MMSG-26364]
Action.c(42): Registered web_reg_find successful for "Text=Using the menu to the left, you can search for new flights to book" (count=1)  	[MsgId: MMSG-26364]
Action.c(42): web_submit_data("login.pl") was successful, 5780 body bytes, 2039 header bytes, 36 chunking overhead bytes  	[MsgId: MMSG-26385]
Action.c(59): Notify: Transaction "LogIn" ended with a "Pass" status (Duration: 0,1469 Wasted Time: 0,0000).	[MsgId: MMSG-16871]
Action.c(61): Error: Cannot start transaction "ViewAllTicket". This Vuser already started a transaction with the same name, and has not yet processed the corresponding lr_end_transaction statement.	[MsgId: MERR-16993]
End auto log messages stack.	[MsgId: MMSG-10544]


Start auto log messages stack - Iteration 2.	[MsgId: MMSG-10545]
Action.c(91): Resource "http://localhost:1080/WebTours/images/flights.gif" is in the cache already and will not be downloaded again  	[MsgId: MMSG-26655]
Action.c(91): Found resource "http://localhost:1080/WebTours/images/in_itinerary.gif" in HTML "http://localhost:1080/cgi-bin/nav.pl?page=menu&in=itinerary"  	[MsgId: MMSG-26659]
Action.c(91): Found resource "http://localhost:1080/WebTours/images/home.gif" in HTML "http://localhost:1080/cgi-bin/nav.pl?page=menu&in=itinerary"  	[MsgId: MMSG-26659]
Action.c(91): Resource "http://localhost:1080/WebTours/images/signoff.gif" is in the cache already and will not be downloaded again  	[MsgId: MMSG-26655]
Action.c(91): Registered web_reg_find successful for "Text=name="flightID" value=""  	[MsgId: MMSG-26362]
Action.c(91): Error -26377: No match found for the requested parameter "Flight". Either the specified boundaries were not found in the response or the matched text is longer than current max html parameter size of 256 bytes. The total length of the response is 4381 bytes. You can use "web_set_max_html_param_len" to increase the max parameter size.  	[MsgId: MERR-26377]
End auto log messages stack.	[MsgId: MMSG-10544]


Start auto log messages stack - Iteration 1.	[MsgId: MMSG-10545]
Action.c(91): Resource "http://localhost:1080/WebTours/images/signoff.gif" is in the cache already and will not be downloaded again  	[MsgId: MMSG-26655]
Action.c(91): Found resource "http://localhost:1080/WebTours/images/cancelreservation.gif" in HTML "http://localhost:1080/cgi-bin/itinerary.pl"  	[MsgId: MMSG-26659]
Action.c(91): Found resource "http://localhost:1080/WebTours/images/cancelallreservations.gif" in HTML "http://localhost:1080/cgi-bin/itinerary.pl"  	[MsgId: MMSG-26659]
Action.c(91): Registered web_reg_find successful for "Text=name="flightID" value="" (count=1)  	[MsgId: MMSG-26364]
Action.c(91): web_url("Itinerary Button") was successful, 7715 body bytes, 1913 header bytes, 36 chunking overhead bytes  	[MsgId: MMSG-26385]
Action.c(100): Error: Failed to end Transaction "ViewTicket" (by name). Please check that you made a call to start transaction operation.	[MsgId: MERR-16985]
End auto log messages stack.	[MsgId: MMSG-10544]


Start auto log messages stack - Iteration 1.	[MsgId: MMSG-10545]
Action.c(91): Resource "http://localhost:1080/WebTours/images/signoff.gif" is in the cache already and will not be downloaded again  	[MsgId: MMSG-26655]
Action.c(91): Found resource "http://localhost:1080/WebTours/images/cancelreservation.gif" in HTML "http://localhost:1080/cgi-bin/itinerary.pl"  	[MsgId: MMSG-26659]
Action.c(91): Found resource "http://localhost:1080/WebTours/images/cancelallreservations.gif" in HTML "http://localhost:1080/cgi-bin/itinerary.pl"  	[MsgId: MMSG-26659]
Action.c(91): Registered web_reg_find successful for "Text=name="flightID" value="" (count=3)  	[MsgId: MMSG-26364]
Action.c(91): web_url("Itinerary Button") was successful, 10096 body bytes, 1913 header bytes, 43 chunking overhead bytes  	[MsgId: MMSG-26385]
Action.c(100): Error: Failed to end Transaction "ViewTicket" (by name). Please check that you made a call to start transaction operation.	[MsgId: MERR-16985]
End auto log messages stack.	[MsgId: MMSG-10544]


Start auto log messages stack - Iteration 1.	[MsgId: MMSG-10545]
Action.c(157): Resource "http://localhost:1080/WebTours/images/cancelreservation.gif" is in the cache already and will not be downloaded again  	[MsgId: MMSG-26655]
Action.c(157): Resource "http://localhost:1080/WebTours/images/cancelallreservations.gif" is in the cache already and will not be downloaded again  	[MsgId: MMSG-26655]
Action.c(157): Registered web_reg_find successful for "Text=name="flightID" value="37711529-7889-LA""  	[MsgId: MMSG-26362]
Action.c(157): Registered web_reg_find successful for "Text=name="flightID" value="3745970-1571-lA""  	[MsgId: MMSG-26362]
Action.c(157): web_submit_form("itinerary.pl") was successful, 2680 body bytes, 255 header bytes, 12 chunking overhead bytes  	[MsgId: MMSG-26385]
Action.c(167): Error: Ќе удалились забронированные рейсы	[MsgId: MERR-17999]
End auto log messages stack.	[MsgId: MMSG-10544]


Start auto log messages stack - Iteration 2.	[MsgId: MMSG-10545]
Action.c(42): Found resource "http://localhost:1080/WebTours/images/signoff.gif" in HTML "http://localhost:1080/cgi-bin/nav.pl?page=menu&in=home"  	[MsgId: MMSG-26659]
Action.c(42): Registered web_reg_find successful for "Text=Welcome, <b>User1</b>, to the Web Tours reservation pages." (count=1)  	[MsgId: MMSG-26364]
Action.c(42): Registered web_reg_find successful for "Text=Using the menu to the left, you can search for new flights to book" (count=1)  	[MsgId: MMSG-26364]
Action.c(42): web_submit_data("login.pl") was successful, 5780 body bytes, 2051 header bytes, 36 chunking overhead bytes  	[MsgId: MMSG-26385]
Action.c(59): Notify: Transaction "LogIn" ended with a "Pass" status (Duration: 0,1447 Wasted Time: 0,0000).	[MsgId: MMSG-16871]
Action.c(61): Error: Cannot start transaction "ViewAllTicket". This Vuser already started a transaction with the same name, and has not yet processed the corresponding lr_end_transaction statement.	[MsgId: MERR-16993]
End auto log messages stack.	[MsgId: MMSG-10544]


Start auto log messages stack - Iteration 2.	[MsgId: MMSG-10545]
Action.c(91): Resource "http://localhost:1080/WebTours/images/signoff.gif" is in the cache already and will not be downloaded again  	[MsgId: MMSG-26655]
Action.c(91): Found resource "http://localhost:1080/WebTours/images/cancelreservation.gif" in HTML "http://localhost:1080/cgi-bin/itinerary.pl"  	[MsgId: MMSG-26659]
Action.c(91): Found resource "http://localhost:1080/WebTours/images/cancelallreservations.gif" in HTML "http://localhost:1080/cgi-bin/itinerary.pl"  	[MsgId: MMSG-26659]
Action.c(91): Registered web_reg_find successful for "Text=name="flightID" value="" (count=3)  	[MsgId: MMSG-26364]
Action.c(91): web_url("Itinerary Button") was successful, 10115 body bytes, 1913 header bytes, 43 chunking overhead bytes  	[MsgId: MMSG-26385]
Action.c(100): Error: Failed to end Transaction "ViewTicket" (by name). Please check that you made a call to start transaction operation.	[MsgId: MERR-16985]
End auto log messages stack.	[MsgId: MMSG-10544]


Start auto log messages stack - Iteration 1.	[MsgId: MMSG-10545]
Action.c(91): Resource "http://localhost:1080/WebTours/images/signoff.gif" is in the cache already and will not be downloaded again  	[MsgId: MMSG-26655]
Action.c(91): Found resource "http://localhost:1080/WebTours/images/cancelreservation.gif" in HTML "http://localhost:1080/cgi-bin/itinerary.pl"  	[MsgId: MMSG-26659]
Action.c(91): Found resource "http://localhost:1080/WebTours/images/cancelallreservations.gif" in HTML "http://localhost:1080/cgi-bin/itinerary.pl"  	[MsgId: MMSG-26659]
Action.c(91): Registered web_reg_find successful for "Text=name="flightID" value="" (count=8)  	[MsgId: MMSG-26364]
Action.c(91): web_url("Itinerary Button") was successful, 16100 body bytes, 1913 header bytes, 51 chunking overhead bytes  	[MsgId: MMSG-26385]
Action.c(100): Error: Failed to end Transaction "ViewTicket" (by name). Please check that you made a call to start transaction operation.	[MsgId: MERR-16985]
End auto log messages stack.	[MsgId: MMSG-10544]


Start auto log messages stack - Iteration 1.	[MsgId: MMSG-10545]
Action.c(175): Resource "http://localhost:1080/WebTours/images/cancelallreservations.gif" is in the cache already and will not be downloaded again  	[MsgId: MMSG-26655]
Action.c(175): Registered web_reg_find successful for "Text=name="flightID" value="3703638211-8086-XM""  	[MsgId: MMSG-26362]
Action.c(175): Registered web_reg_find successful for "Text=name="flightID" value="370350878-15602-XM""  	[MsgId: MMSG-26362]
Action.c(175): Registered web_reg_find successful for "Text=name="flightID" value="3703623003-23161-XM""  	[MsgId: MMSG-26362]
Action.c(175): web_submit_form("itinerary.pl") was successful, 7494 body bytes, 255 header bytes, 19 chunking overhead bytes  	[MsgId: MMSG-26385]
Action.c(186): Error: Ќе удалились забронированные рейсы	[MsgId: MERR-17999]
End auto log messages stack.	[MsgId: MMSG-10544]


Start auto log messages stack - Iteration 1.	[MsgId: MMSG-10545]
Action.c(91): Resource "http://localhost:1080/WebTours/images/signoff.gif" is in the cache already and will not be downloaded again  	[MsgId: MMSG-26655]
Action.c(91): Found resource "http://localhost:1080/WebTours/images/cancelreservation.gif" in HTML "http://localhost:1080/cgi-bin/itinerary.pl"  	[MsgId: MMSG-26659]
Action.c(91): Found resource "http://localhost:1080/WebTours/images/cancelallreservations.gif" in HTML "http://localhost:1080/cgi-bin/itinerary.pl"  	[MsgId: MMSG-26659]
Action.c(91): Registered web_reg_find successful for "Text=name="flightID" value="" (count=2)  	[MsgId: MMSG-26364]
Action.c(91): web_url("Itinerary Button") was successful, 8882 body bytes, 1913 header bytes, 36 chunking overhead bytes  	[MsgId: MMSG-26385]
Action.c(100): Error: Failed to end Transaction "ViewTicket" (by name). Please check that you made a call to start transaction operation.	[MsgId: MERR-16985]
End auto log messages stack.	[MsgId: MMSG-10544]


Start auto log messages stack - Iteration 1.	[MsgId: MMSG-10545]
Action.c(141): web_submit_form("itinerary.pl") started  	[MsgId: MMSG-26355]
Action.c(141): Submitting form to "http://localhost:1080/cgi-bin/itinerary.pl", Target Frame=""  	[MsgId: MMSG-27978]
Action.c(141): Resource "http://localhost:1080/WebTours/images/cancelreservation.gif" is in the cache already and will not be downloaded again  	[MsgId: MMSG-26655]
Action.c(141): Resource "http://localhost:1080/WebTours/images/cancelallreservations.gif" is in the cache already and will not be downloaded again  	[MsgId: MMSG-26655]
Action.c(141): Registered web_reg_find successful for "Text=name="flightID" value="41183753-795-nL""  	[MsgId: MMSG-26362]
Action.c(141): web_submit_form("itinerary.pl") was successful, 2678 body bytes, 255 header bytes, 12 chunking overhead bytes  	[MsgId: MMSG-26385]
Action.c(150): Error: Ќе удалились забронированные рейсы	[MsgId: MERR-17999]
End auto log messages stack.	[MsgId: MMSG-10544]


Start auto log messages stack - Iteration 2.	[MsgId: MMSG-10545]
Action.c(42): Found resource "http://localhost:1080/WebTours/images/signoff.gif" in HTML "http://localhost:1080/cgi-bin/nav.pl?page=menu&in=home"  	[MsgId: MMSG-26659]
Action.c(42): Registered web_reg_find successful for "Text=Welcome, <b>timur</b>, to the Web Tours reservation pages." (count=1)  	[MsgId: MMSG-26364]
Action.c(42): Registered web_reg_find successful for "Text=Using the menu to the left, you can search for new flights to book" (count=1)  	[MsgId: MMSG-26364]
Action.c(42): web_submit_data("login.pl") was successful, 5780 body bytes, 2040 header bytes, 36 chunking overhead bytes  	[MsgId: MMSG-26385]
Action.c(59): Notify: Transaction "LogIn" ended with a "Pass" status (Duration: 2,1614 Wasted Time: 0,0000).	[MsgId: MMSG-16871]
Action.c(61): Error: Cannot start transaction "ViewAllTicket". This Vuser already started a transaction with the same name, and has not yet processed the corresponding lr_end_transaction statement.	[MsgId: MERR-16993]
End auto log messages stack.	[MsgId: MMSG-10544]


Start auto log messages stack - Iteration 2.	[MsgId: MMSG-10545]
Action.c(91): Resource "http://localhost:1080/WebTours/images/flights.gif" is in the cache already and will not be downloaded again  	[MsgId: MMSG-26655]
Action.c(91): Found resource "http://localhost:1080/WebTours/images/in_itinerary.gif" in HTML "http://localhost:1080/cgi-bin/nav.pl?page=menu&in=itinerary"  	[MsgId: MMSG-26659]
Action.c(91): Found resource "http://localhost:1080/WebTours/images/home.gif" in HTML "http://localhost:1080/cgi-bin/nav.pl?page=menu&in=itinerary"  	[MsgId: MMSG-26659]
Action.c(91): Resource "http://localhost:1080/WebTours/images/signoff.gif" is in the cache already and will not be downloaded again  	[MsgId: MMSG-26655]
Action.c(91): Registered web_reg_find successful for "Text=name="flightID" value=""  	[MsgId: MMSG-26362]
Action.c(91): Error -26377: No match found for the requested parameter "Flight". Either the specified boundaries were not found in the response or the matched text is longer than current max html parameter size of 256 bytes. The total length of the response is 4381 bytes. You can use "web_set_max_html_param_len" to increase the max parameter size.  	[MsgId: MERR-26377]
End auto log messages stack.	[MsgId: MMSG-10544]


Start auto log messages stack - Iteration 2.	[MsgId: MMSG-10545]
Action.c(42): Found resource "http://localhost:1080/WebTours/images/signoff.gif" in HTML "http://localhost:1080/cgi-bin/nav.pl?page=menu&in=home"  	[MsgId: MMSG-26659]
Action.c(42): Registered web_reg_find successful for "Text=Welcome, <b>ivan</b>, to the Web Tours reservation pages." (count=1)  	[MsgId: MMSG-26364]
Action.c(42): Registered web_reg_find successful for "Text=Using the menu to the left, you can search for new flights to book" (count=1)  	[MsgId: MMSG-26364]
Action.c(42): web_submit_data("login.pl") was successful, 5779 body bytes, 2036 header bytes, 36 chunking overhead bytes  	[MsgId: MMSG-26385]
Action.c(59): Notify: Transaction "LogIn" ended with a "Pass" status (Duration: 1,8095 Wasted Time: 0,0000).	[MsgId: MMSG-16871]
Action.c(61): Error: Cannot start transaction "ViewAllTicket". This Vuser already started a transaction with the same name, and has not yet processed the corresponding lr_end_transaction statement.	[MsgId: MERR-16993]
End auto log messages stack.	[MsgId: MMSG-10544]


Start auto log messages stack - Iteration 2.	[MsgId: MMSG-10545]
Action.c(91): Resource "http://localhost:1080/WebTours/images/signoff.gif" is in the cache already and will not be downloaded again  	[MsgId: MMSG-26655]
Action.c(91): Found resource "http://localhost:1080/WebTours/images/cancelreservation.gif" in HTML "http://localhost:1080/cgi-bin/itinerary.pl"  	[MsgId: MMSG-26659]
Action.c(91): Found resource "http://localhost:1080/WebTours/images/cancelallreservations.gif" in HTML "http://localhost:1080/cgi-bin/itinerary.pl"  	[MsgId: MMSG-26659]
Action.c(91): Registered web_reg_find successful for "Text=name="flightID" value="" (count=1)  	[MsgId: MMSG-26364]
Action.c(91): web_url("Itinerary Button") was successful, 7739 body bytes, 1913 header bytes, 36 chunking overhead bytes  	[MsgId: MMSG-26385]
Action.c(100): Error: Failed to end Transaction "ViewTicket" (by name). Please check that you made a call to start transaction operation.	[MsgId: MERR-16985]
End auto log messages stack.	[MsgId: MMSG-10544]


Start auto log messages stack - Iteration 2.	[MsgId: MMSG-10545]
Action.c(125): Notify: Transaction "DeleteTicket" started.	[MsgId: MMSG-16999]
Action.c(129): web_reg_save_param started  	[MsgId: MMSG-26355]
Action.c(129): Registering web_reg_save_param was successful  	[MsgId: MMSG-26390]
Action.c(139): web_reg_find started  	[MsgId: MMSG-26355]
Action.c(139): Registering web_reg_find was successful  	[MsgId: MMSG-26390]
Action.c(141): web_submit_form("itinerary.pl") started  	[MsgId: MMSG-26355]
Action.c(141): Submitting form to "http://localhost:1080/cgi-bin/itinerary.pl", Target Frame=""  	[MsgId: MMSG-27978]
Action.c(141): Error -26377: No match found for the requested parameter "Flighting". Either the specified boundaries were not found in the response or the matched text is longer than current max html parameter size of 256 bytes. The total length of the response is 887 bytes. You can use "web_set_max_html_param_len" to increase the max parameter size.  	[MsgId: MERR-26377]
End auto log messages stack.	[MsgId: MMSG-10544]


