Start auto log messages stack - Iteration 1.	[MsgId: MMSG-10545]
Action.c(44): web_add_header("sec-ch-ua-mobile") was successful  	[MsgId: MMSG-26392]
Action.c(47): web_add_header("sec-ch-ua-platform") started  	[MsgId: MMSG-26355]
Action.c(47): web_add_header("sec-ch-ua-platform") was successful  	[MsgId: MMSG-26392]
Action.c(49): Notify: Transaction "StartWebTours" started.	[MsgId: MMSG-16999]
Action.c(52): web_reg_save_param_ex started  	[MsgId: MMSG-26355]
Action.c(52): Registering web_reg_save_param_ex was successful  	[MsgId: MMSG-26390]
Action.c(61): web_reg_find started  	[MsgId: MMSG-26355]
Action.c(61): Registering web_reg_find was successful  	[MsgId: MMSG-26390]
Action.c(62): web_url("open_WebTours") started  	[MsgId: MMSG-26355]
Action.c(62): Error -27792: Failed to connect to server "localhost:1080": [10061] Connection refused  	[MsgId: MERR-27792]
End auto log messages stack.	[MsgId: MMSG-10544]


Start auto log messages stack - Iteration 1.	[MsgId: MMSG-10545]
Action.c(62): Warning -26200: At least one of the resources specified by EXTRARES has not been downloaded due to the above error(s)  	[MsgId: MWAR-26200]
Action.c(62): Error -35061: No match found for the requested parameter "CorrelationParameter". Either the specified boundaries were not found in the response or the matched text is longer than current max html parameter size of 256 bytes. The total length of the response is 0 bytes. You can use "web_set_max_html_param_len" to increase the max parameter size.  	[MsgId: MERR-35061]
Action.c(62): Error -26366: "Text=Welcome to the Web Tours site." not found for web_reg_find  	[MsgId: MERR-26366]
Action.c(62): Error -26374: The above "not found" error(s) may be explained by header and body byte counts being 0 and 0, respectively.  	[MsgId: MERR-26374]
End auto log messages stack.	[MsgId: MMSG-10544]


Start auto log messages stack - Iteration 2.	[MsgId: MMSG-10545]
Action.c(44): web_add_header("sec-ch-ua-mobile") was successful  	[MsgId: MMSG-26392]
Action.c(47): web_add_header("sec-ch-ua-platform") started  	[MsgId: MMSG-26355]
Action.c(47): web_add_header("sec-ch-ua-platform") was successful  	[MsgId: MMSG-26392]
Action.c(49): Notify: Transaction "StartWebTours" started.	[MsgId: MMSG-16999]
Action.c(52): web_reg_save_param_ex started  	[MsgId: MMSG-26355]
Action.c(52): Registering web_reg_save_param_ex was successful  	[MsgId: MMSG-26390]
Action.c(61): web_reg_find started  	[MsgId: MMSG-26355]
Action.c(61): Registering web_reg_find was successful  	[MsgId: MMSG-26390]
Action.c(62): web_url("open_WebTours") started  	[MsgId: MMSG-26355]
Action.c(62): Error -27792: Failed to connect to server "localhost:1080": [10061] Connection refused  	[MsgId: MERR-27792]
End auto log messages stack.	[MsgId: MMSG-10544]


Start auto log messages stack - Iteration 2.	[MsgId: MMSG-10545]
Action.c(62): Warning -26200: At least one of the resources specified by EXTRARES has not been downloaded due to the above error(s)  	[MsgId: MWAR-26200]
Action.c(62): Error -35061: No match found for the requested parameter "CorrelationParameter". Either the specified boundaries were not found in the response or the matched text is longer than current max html parameter size of 256 bytes. The total length of the response is 0 bytes. You can use "web_set_max_html_param_len" to increase the max parameter size.  	[MsgId: MERR-35061]
Action.c(62): Error -26366: "Text=Welcome to the Web Tours site." not found for web_reg_find  	[MsgId: MERR-26366]
Action.c(62): Error -26374: The above "not found" error(s) may be explained by header and body byte counts being 0 and 0, respectively.  	[MsgId: MERR-26374]
End auto log messages stack.	[MsgId: MMSG-10544]


