Start auto log messages stack - Iteration 1.	[MsgId: MMSG-10545]
Action.c(169): web_add_header("Origin") started  	[MsgId: MMSG-26355]
Action.c(169): web_add_header("Origin") was successful  	[MsgId: MMSG-26392]
Action.c(172): lr_think_time: 5,00 seconds.	[MsgId: MMSG-15948]
Action.c(174): web_reg_find started  	[MsgId: MMSG-26355]
Action.c(174): Registering web_reg_find was successful  	[MsgId: MMSG-26390]
Action.c(175): web_submit_data("registration") started  	[MsgId: MMSG-26355]
Action.c(175): Resource "http://localhost:1080/WebTours/profileValidate.js" is in the cache already and will not be downloaded again  	[MsgId: MMSG-26655]
Action.c(175): Resource "http://localhost:1080/WebTours/images/button_next.gif" is in the cache already and will not be downloaded again  	[MsgId: MMSG-26655]
Action.c(175): Error -26366: "Text=Thank you, <b>alxoecwfr</b>, for registering and welcome to the Web Tours family." not found for web_reg_find  	[MsgId: MERR-26366]
End auto log messages stack.	[MsgId: MMSG-10544]


Start auto log messages stack - Iteration 2.	[MsgId: MMSG-10545]
Action.c(169): web_add_header("Origin") started  	[MsgId: MMSG-26355]
Action.c(169): web_add_header("Origin") was successful  	[MsgId: MMSG-26392]
Action.c(172): lr_think_time: 5,00 seconds.	[MsgId: MMSG-15948]
Action.c(174): web_reg_find started  	[MsgId: MMSG-26355]
Action.c(174): Registering web_reg_find was successful  	[MsgId: MMSG-26390]
Action.c(175): web_submit_data("registration") started  	[MsgId: MMSG-26355]
Action.c(175): Resource "http://localhost:1080/WebTours/profileValidate.js" is in the cache already and will not be downloaded again  	[MsgId: MMSG-26655]
Action.c(175): Resource "http://localhost:1080/WebTours/images/button_next.gif" is in the cache already and will not be downloaded again  	[MsgId: MMSG-26655]
Action.c(175): Error -26366: "Text=Thank you, <b>pqflwcauu</b>, for registering and welcome to the Web Tours family." not found for web_reg_find  	[MsgId: MERR-26366]
End auto log messages stack.	[MsgId: MMSG-10544]


