Start auto log messages stack - Iteration 1.	[MsgId: MMSG-10545]
Action.c(197): web_add_auto_header("Upgrade-Insecure-Requests") started  	[MsgId: MMSG-26355]
Action.c(197): web_add_auto_header("Upgrade-Insecure-Requests") was successful  	[MsgId: MMSG-26392]
Action.c(200): lr_think_time: 5,00 seconds.	[MsgId: MMSG-15948]
Action.c(204): web_reg_save_param started  	[MsgId: MMSG-26355]
Action.c(204): Registering web_reg_save_param was successful  	[MsgId: MMSG-26390]
Action.c(213): web_reg_find started  	[MsgId: MMSG-26355]
Action.c(213): Registering web_reg_find was successful  	[MsgId: MMSG-26390]
Action.c(214): web_submit_form("itinerary.pl") started  	[MsgId: MMSG-26355]
Action.c(214): Submitting form to "http://localhost:1080/cgi-bin/itinerary.pl", Target Frame=""  	[MsgId: MMSG-27978]
Action.c(214): Error -26377: No match found for the requested parameter "Flighting". Either the specified boundaries were not found in the response or the matched text is longer than current max html parameter size of 256 bytes. The total length of the response is 932 bytes. You can use "web_set_max_html_param_len" to increase the max parameter size.  	[MsgId: MERR-26377]
End auto log messages stack.	[MsgId: MMSG-10544]


Start auto log messages stack - Iteration 2.	[MsgId: MMSG-10545]
Action.c(197): web_add_auto_header("Upgrade-Insecure-Requests") started  	[MsgId: MMSG-26355]
Action.c(197): web_add_auto_header("Upgrade-Insecure-Requests") was successful  	[MsgId: MMSG-26392]
Action.c(200): lr_think_time: 5,00 seconds.	[MsgId: MMSG-15948]
Action.c(204): web_reg_save_param started  	[MsgId: MMSG-26355]
Action.c(204): Registering web_reg_save_param was successful  	[MsgId: MMSG-26390]
Action.c(213): web_reg_find started  	[MsgId: MMSG-26355]
Action.c(213): Registering web_reg_find was successful  	[MsgId: MMSG-26390]
Action.c(214): web_submit_form("itinerary.pl") started  	[MsgId: MMSG-26355]
Action.c(214): Submitting form to "http://localhost:1080/cgi-bin/itinerary.pl", Target Frame=""  	[MsgId: MMSG-27978]
Action.c(214): Error -26377: No match found for the requested parameter "Flighting". Either the specified boundaries were not found in the response or the matched text is longer than current max html parameter size of 256 bytes. The total length of the response is 887 bytes. You can use "web_set_max_html_param_len" to increase the max parameter size.  	[MsgId: MERR-26377]
End auto log messages stack.	[MsgId: MMSG-10544]


